# JRE version: Java(TM) SE Runtime Environment (17.0.7+8) (build 17.0.7+8-LTS-224)
# Java VM: Java HotSpot(TM) 64-Bit Server VM (17.0.7+8-LTS-224, mixed mode, sharing, tiered, compressed oops, compressed class ptrs, g1 gc, windows-amd64)
GC Precious Log:
 CPUs: 8 total, 8 available
 Memory: 8072M
 Large Page Support: Disabled
 NUMA Support: Disabled
 Compressed Oops: Enabled (32-bit)
 Heap Region Size: 1M
 Heap Min Capacity: 8M
 Heap Initial Capacity: 128M
 Heap Max Capacity: 2020M
 Pre-touch: Disabled
 Parallel Workers: 8
 Concurrent Workers: 2
 Concurrent Refinement Workers: 8
 Periodic GC: Disabled
Heap:
 garbage-first heap   total 61440K, used 36039K [0x0000000081c00000, 0x0000000100000000)
  region size 1024K, 8 young (8192K), 1 survivors (1024K)
 Metaspace       used 60582K, committed 60992K, reserved 1105920K
  class space    used 7801K, committed 8000K, reserved 1048576K
GC Heap History (20 events):
Event: 65.261 GC heap before
{Heap before GC invocations=131 (full 0):
 garbage-first heap   total 61440K, used 52394K [0x0000000081c00000, 0x0000000100000000)
  region size 1024K, 23 young (23552K), 1 survivors (1024K)
 Metaspace       used 60581K, committed 60992K, reserved 1105920K
  class space    used 7800K, committed 8000K, reserved 1048576K
}
Event: 65.262 GC heap after
{Heap after GC invocations=132 (full 0):
 garbage-first heap   total 61440K, used 29853K [0x0000000081c00000, 0x0000000100000000)
  region size 1024K, 1 young (1024K), 1 survivors (1024K)
 Metaspace       used 60581K, committed 60992K, reserved 1105920K
  class space    used 7800K, committed 8000K, reserved 1048576K
}
Event: 65.680 GC heap before
{Heap before GC invocations=132 (full 0):
 garbage-first heap   total 61440K, used 52381K [0x0000000081c00000, 0x0000000100000000)
  region size 1024K, 23 young (23552K), 1 survivors (1024K)
 Metaspace       used 60581K, committed 60992K, reserved 1105920K
  class space    used 7800K, committed 8000K, reserved 1048576K
}
Event: 65.682 GC heap after
{Heap after GC invocations=133 (full 0):
 garbage-first heap   total 61440K, used 29877K [0x0000000081c00000, 0x0000000100000000)
  region size 1024K, 1 young (1024K), 1 survivors (1024K)
 Metaspace       used 60581K, committed 60992K, reserved 1105920K
  class space    used 7800K, committed 8000K, reserved 1048576K
}
Event: 66.082 GC heap before
{Heap before GC invocations=134 (full 0):
 garbage-first heap   total 61440K, used 52405K [0x0000000081c00000, 0x0000000100000000)
  region size 1024K, 23 young (23552K), 1 survivors (1024K)
 Metaspace       used 60581K, committed 60992K, reserved 1105920K
  class space    used 7800K, committed 8000K, reserved 1048576K
}
Event: 66.083 GC heap after
{Heap after GC invocations=135 (full 0):
 garbage-first heap   total 61440K, used 29864K [0x0000000081c00000, 0x0000000100000000)
  region size 1024K, 1 young (1024K), 1 survivors (1024K)
 Metaspace       used 60581K, committed 60992K, reserved 1105920K
  class space    used 7800K, committed 8000K, reserved 1048576K
}
Event: 66.512 GC heap before
{Heap before GC invocations=135 (full 0):
 garbage-first heap   total 61440K, used 52392K [0x0000000081c00000, 0x0000000100000000)
  region size 1024K, 23 young (23552K), 1 survivors (1024K)
 Metaspace       used 60581K, committed 60992K, reserved 1105920K
  class space    used 7800K, committed 8000K, reserved 1048576K
}
Event: 66.514 GC heap after
{Heap after GC invocations=136 (full 0):
 garbage-first heap   total 61440K, used 29921K [0x0000000081c00000, 0x0000000100000000)
  region size 1024K, 1 young (1024K), 1 survivors (1024K)
 Metaspace       used 60581K, committed 60992K, reserved 1105920K
  class space    used 7800K, committed 8000K, reserved 1048576K
}
Event: 67.228 GC heap before
{Heap before GC invocations=137 (full 0):
 garbage-first heap   total 61440K, used 52449K [0x0000000081c00000, 0x0000000100000000)
  region size 1024K, 23 young (23552K), 1 survivors (1024K)
 Metaspace       used 60581K, committed 60992K, reserved 1105920K
  class space    used 7800K, committed 8000K, reserved 1048576K
}
Event: 67.229 GC heap after
{Heap after GC invocations=138 (full 0):
 garbage-first heap   total 61440K, used 29867K [0x0000000081c00000, 0x0000000100000000)
  region size 1024K, 1 young (1024K), 1 survivors (1024K)
 Metaspace       used 60581K, committed 60992K, reserved 1105920K
  class space    used 7800K, committed 8000K, reserved 1048576K
}
Event: 67.577 GC heap before
{Heap before GC invocations=138 (full 0):
 garbage-first heap   total 61440K, used 51371K [0x0000000081c00000, 0x0000000100000000)
  region size 1024K, 23 young (23552K), 1 survivors (1024K)
 Metaspace       used 60582K, committed 60992K, reserved 1105920K
  class space    used 7801K, committed 8000K, reserved 1048576K
}
Event: 67.578 GC heap after
{Heap after GC invocations=139 (full 0):
 garbage-first heap   total 61440K, used 29886K [0x0000000081c00000, 0x0000000100000000)
  region size 1024K, 1 young (1024K), 1 survivors (1024K)
 Metaspace       used 60582K, committed 60992K, reserved 1105920K
  class space    used 7801K, committed 8000K, reserved 1048576K
}
Event: 67.779 GC heap before
{Heap before GC invocations=140 (full 0):
 garbage-first heap   total 61440K, used 52414K [0x0000000081c00000, 0x0000000100000000)
  region size 1024K, 23 young (23552K), 1 survivors (1024K)
 Metaspace       used 60582K, committed 60992K, reserved 1105920K
  class space    used 7801K, committed 8000K, reserved 1048576K
}
Event: 67.780 GC heap after
{Heap after GC invocations=141 (full 0):
 garbage-first heap   total 61440K, used 29898K [0x0000000081c00000, 0x0000000100000000)
  region size 1024K, 1 young (1024K), 1 survivors (1024K)
 Metaspace       used 60582K, committed 60992K, reserved 1105920K
  class space    used 7801K, committed 8000K, reserved 1048576K
}
Event: 67.980 GC heap before
{Heap before GC invocations=141 (full 0):
 garbage-first heap   total 61440K, used 52426K [0x0000000081c00000, 0x0000000100000000)
  region size 1024K, 23 young (23552K), 1 survivors (1024K)
 Metaspace       used 60582K, committed 60992K, reserved 1105920K
  class space    used 7801K, committed 8000K, reserved 1048576K
}
Event: 67.981 GC heap after
{Heap after GC invocations=142 (full 0):
 garbage-first heap   total 61440K, used 29939K [0x0000000081c00000, 0x0000000100000000)
  region size 1024K, 1 young (1024K), 1 survivors (1024K)
 Metaspace       used 60582K, committed 60992K, reserved 1105920K
  class space    used 7801K, committed 8000K, reserved 1048576K
}
Event: 68.140 GC heap before
{Heap before GC invocations=143 (full 0):
 garbage-first heap   total 61440K, used 52467K [0x0000000081c00000, 0x0000000100000000)
  region size 1024K, 23 young (23552K), 1 survivors (1024K)
 Metaspace       used 60582K, committed 60992K, reserved 1105920K
  class space    used 7801K, committed 8000K, reserved 1048576K
}
Event: 68.140 GC heap after
{Heap after GC invocations=144 (full 0):
 garbage-first heap   total 61440K, used 29854K [0x0000000081c00000, 0x0000000100000000)
  region size 1024K, 1 young (1024K), 1 survivors (1024K)
 Metaspace       used 60582K, committed 60992K, reserved 1105920K
  class space    used 7801K, committed 8000K, reserved 1048576K
}
Event: 68.245 GC heap before
{Heap before GC invocations=144 (full 0):
 garbage-first heap   total 61440K, used 52382K [0x0000000081c00000, 0x0000000100000000)
  region size 1024K, 23 young (23552K), 1 survivors (1024K)
 Metaspace       used 60582K, committed 60992K, reserved 1105920K
  class space    used 7801K, committed 8000K, reserved 1048576K
}
Event: 68.246 GC heap after
{Heap after GC invocations=145 (full 0):
 garbage-first heap   total 61440K, used 29895K [0x0000000081c00000, 0x0000000100000000)
  region size 1024K, 1 young (1024K), 1 survivors (1024K)
 Metaspace       used 60582K, committed 60992K, reserved 1105920K
  class space    used 7801K, committed 8000K, reserved 1048576K
}

